\\mac\dropbox\uio\uio 2016\pa1\source code unzipped modified\1. hangman\hangman-cpp\hangman-cpp\debug\vc140.pdb
\\mac\dropbox\uio\uio 2016\pa1\source code unzipped modified\1. hangman\hangman-cpp\hangman-cpp\debug\vc140.idb
\\mac\dropbox\uio\uio 2016\pa1\source code unzipped modified\1. hangman\hangman-cpp\hangman-cpp\debug\hangmangame.obj
\\mac\dropbox\uio\uio 2016\pa1\source code unzipped modified\1. hangman\hangman-cpp\hangman-cpp\debug\main.obj
\\mac\dropbox\uio\uio 2016\pa1\source code unzipped modified\1. hangman\hangman-cpp\hangman-cpp\debug\scoreboard.obj
\\mac\dropbox\uio\uio 2016\pa1\source code unzipped modified\1. hangman\hangman-cpp\hangman-cpp\debug\secretword.obj
\\mac\dropbox\uio\uio 2016\pa1\cristi pa1\1. hangman\hangman-cpp\hangman-cpp\debug\vc140.pdb
\\mac\dropbox\uio\uio 2016\pa1\cristi pa1\1. hangman\hangman-cpp\hangman-cpp\debug\vc140.idb
\\mac\dropbox\uio\uio 2016\pa1\cristi pa1\1. hangman\hangman-cpp\hangman-cpp\debug\hangmangame.obj
\\mac\dropbox\uio\uio 2016\pa1\cristi pa1\1. hangman\hangman-cpp\hangman-cpp\debug\main.obj
\\mac\dropbox\uio\uio 2016\pa1\cristi pa1\1. hangman\hangman-cpp\hangman-cpp\debug\scoreboard.obj
\\mac\dropbox\uio\uio 2016\pa1\cristi pa1\1. hangman\hangman-cpp\hangman-cpp\debug\secretword.obj
d:\dropbox\source code pa1\cristi pa1\1. hangman\hangman-cpp\hangman-cpp\debug\vc140.pdb
d:\dropbox\source code pa1\cristi pa1\1. hangman\hangman-cpp\hangman-cpp\debug\vc140.idb
d:\dropbox\source code pa1\cristi pa1\1. hangman\hangman-cpp\hangman-cpp\debug\hangmangame.obj
d:\dropbox\source code pa1\cristi pa1\1. hangman\hangman-cpp\hangman-cpp\debug\main.obj
d:\dropbox\source code pa1\cristi pa1\1. hangman\hangman-cpp\hangman-cpp\debug\scoreboard.obj
d:\dropbox\source code pa1\cristi pa1\1. hangman\hangman-cpp\hangman-cpp\debug\secretword.obj
\\mac\dropbox\uio\uio 2016\pa1\source code unzipped modified\1. hangman\hangman-cpp\hangman-cpp\debug\hangman.ilk
\\mac\dropbox\uio\uio 2016\pa1\source code unzipped modified\1. hangman\hangman-cpp\hangman-cpp\debug\hangman.exe
\\mac\dropbox\uio\uio 2016\pa1\source code unzipped modified\1. hangman\hangman-cpp\hangman-cpp\debug\hangman.pdb
\\mac\dropbox\uio\uio 2016\pa1\cristi pa1\1. hangman\hangman-cpp\hangman-cpp\debug\hangman.ilk
\\mac\dropbox\uio\uio 2016\pa1\cristi pa1\1. hangman\hangman-cpp\hangman-cpp\debug\hangman.exe
\\mac\dropbox\uio\uio 2016\pa1\cristi pa1\1. hangman\hangman-cpp\hangman-cpp\debug\hangman.pdb
d:\dropbox\source code pa1\cristi pa1\1. hangman\hangman-cpp\hangman-cpp\debug\hangman.ilk
d:\dropbox\source code pa1\cristi pa1\1. hangman\hangman-cpp\hangman-cpp\debug\hangman.exe
d:\dropbox\source code pa1\cristi pa1\1. hangman\hangman-cpp\hangman-cpp\debug\hangman.pdb
c:\users\mariu\documents\github\sourcemonitor\hangman-cpp\debug\hangmangame.obj
c:\users\mariu\documents\github\sourcemonitor\hangman-cpp\debug\main.obj
c:\users\mariu\documents\github\sourcemonitor\hangman-cpp\debug\scoreboard.obj
c:\users\mariu\documents\github\sourcemonitor\hangman-cpp\debug\secretword.obj
c:\users\mariu\documents\github\sourcemonitor\hangman-cpp\debug\hangman.ilk
c:\users\mariu\documents\github\sourcemonitor\hangman-cpp\debug\vc140.idb
c:\users\mariu\documents\github\sourcemonitor\hangman-cpp\debug\hangman.pdb
c:\users\mariu\documents\github\sourcemonitor\hangman-cpp\debug\vc140.pdb
c:\users\mariu\documents\github\sourcemonitor\hangman-cpp\debug\hangman.exe
c:\users\mariu\documents\github\sourcemonitor\hangman-cpp\debug\hangman.tlog\cl.command.1.tlog
c:\users\mariu\documents\github\sourcemonitor\hangman-cpp\debug\hangman.tlog\cl.read.1.tlog
c:\users\mariu\documents\github\sourcemonitor\hangman-cpp\debug\hangman.tlog\cl.write.1.tlog
c:\users\mariu\documents\github\sourcemonitor\hangman-cpp\debug\hangman.tlog\link.command.1.tlog
c:\users\mariu\documents\github\sourcemonitor\hangman-cpp\debug\hangman.tlog\link.read.1.tlog
c:\users\mariu\documents\github\sourcemonitor\hangman-cpp\debug\hangman.tlog\link.write.1.tlog
